2023-10-11 11:53:51 [restartedMain] INFO  c.e.employee.EmployeeApplication - Starting EmployeeApplication using Java 19.0.2 with PID 25152 (/Users/mohitkumar/Downloads/employee/target/classes started by mohitkumar in /Users/mohitkumar/Downloads/employee)
2023-10-11 11:53:51 [restartedMain] INFO  c.e.employee.EmployeeApplication - No active profile set, falling back to 1 default profile: "default"
2023-10-11 11:53:51 [restartedMain] INFO  o.s.b.d.e.DevToolsPropertyDefaultsPostProcessor - Devtools property defaults active! Set 'spring.devtools.add-properties' to 'false' to disable
2023-10-11 11:53:51 [restartedMain] INFO  o.s.b.d.e.DevToolsPropertyDefaultsPostProcessor - For additional web related logging consider setting the 'logging.level.web' property to 'DEBUG'
2023-10-11 11:53:51 [restartedMain] INFO  o.s.d.r.c.RepositoryConfigurationDelegate - Bootstrapping Spring Data JPA repositories in DEFAULT mode.
2023-10-11 11:53:51 [restartedMain] INFO  o.s.d.r.c.RepositoryConfigurationDelegate - Finished Spring Data repository scanning in 21 ms. Found 1 JPA repository interfaces.
2023-10-11 11:53:51 [restartedMain] INFO  o.s.b.w.e.tomcat.TomcatWebServer - Tomcat initialized with port(s): 8080 (http)
2023-10-11 11:53:51 [restartedMain] INFO  o.a.coyote.http11.Http11NioProtocol - Initializing ProtocolHandler ["http-nio-8080"]
2023-10-11 11:53:51 [restartedMain] INFO  o.a.catalina.core.StandardService - Starting service [Tomcat]
2023-10-11 11:53:51 [restartedMain] INFO  o.a.catalina.core.StandardEngine - Starting Servlet engine: [Apache Tomcat/10.1.13]
2023-10-11 11:53:51 [restartedMain] INFO  o.a.c.c.C.[Tomcat].[localhost].[/] - Initializing Spring embedded WebApplicationContext
2023-10-11 11:53:51 [restartedMain] INFO  o.s.b.w.s.c.ServletWebServerApplicationContext - Root WebApplicationContext: initialization completed in 547 ms
2023-10-11 11:53:51 [restartedMain] INFO  com.zaxxer.hikari.HikariDataSource - HikariPool-1 - Starting...
2023-10-11 11:53:51 [restartedMain] INFO  com.zaxxer.hikari.pool.HikariPool - HikariPool-1 - Added connection conn0: url=jdbc:h2:mem:testdb user=MOHIT
2023-10-11 11:53:51 [restartedMain] INFO  com.zaxxer.hikari.HikariDataSource - HikariPool-1 - Start completed.
2023-10-11 11:53:51 [restartedMain] INFO  o.s.b.a.h.H2ConsoleAutoConfiguration - H2 console available at '/h2-console'. Database available at 'jdbc:h2:mem:testdb'
2023-10-11 11:53:51 [restartedMain] INFO  o.h.jpa.internal.util.LogHelper - HHH000204: Processing PersistenceUnitInfo [name: default]
2023-10-11 11:53:51 [restartedMain] INFO  org.hibernate.Version - HHH000412: Hibernate ORM core version 6.2.9.Final
2023-10-11 11:53:51 [restartedMain] INFO  org.hibernate.cfg.Environment - HHH000406: Using bytecode reflection optimizer
2023-10-11 11:53:51 [restartedMain] INFO  o.h.b.i.BytecodeProviderInitiator - HHH000021: Bytecode provider name : bytebuddy
2023-10-11 11:53:52 [restartedMain] INFO  o.s.o.j.p.SpringPersistenceUnitInfo - No LoadTimeWeaver setup: ignoring JPA class transformer
2023-10-11 11:53:52 [restartedMain] INFO  o.h.b.i.BytecodeProviderInitiator - HHH000021: Bytecode provider name : bytebuddy
2023-10-11 11:53:52 [restartedMain] INFO  o.h.e.t.j.p.i.JtaPlatformInitiator - HHH000490: Using JtaPlatform implementation: [org.hibernate.engine.transaction.jta.platform.internal.NoJtaPlatform]
2023-10-11 11:53:52 [restartedMain] INFO  o.s.o.j.LocalContainerEntityManagerFactoryBean - Initialized JPA EntityManagerFactory for persistence unit 'default'
2023-10-11 11:53:52 [restartedMain] INFO  o.s.d.j.r.query.QueryEnhancerFactory - Hibernate is in classpath; If applicable, HQL parser will be used.
2023-10-11 11:53:52 [restartedMain] WARN  o.s.b.a.o.j.JpaBaseConfiguration$JpaWebConfiguration - spring.jpa.open-in-view is enabled by default. Therefore, database queries may be performed during view rendering. Explicitly configure spring.jpa.open-in-view to disable this warning
2023-10-11 11:53:52 [restartedMain] INFO  o.s.b.d.a.OptionalLiveReloadServer - LiveReload server is running on port 35729
2023-10-11 11:53:52 [restartedMain] INFO  o.a.coyote.http11.Http11NioProtocol - Starting ProtocolHandler ["http-nio-8080"]
2023-10-11 11:53:52 [restartedMain] INFO  o.s.b.w.e.tomcat.TomcatWebServer - Tomcat started on port(s): 8080 (http) with context path ''
2023-10-11 11:53:52 [restartedMain] INFO  c.e.employee.EmployeeApplication - Started EmployeeApplication in 1.772 seconds (process running for 2.036)
2023-10-11 11:56:21 [http-nio-8080-exec-1] INFO  o.a.c.c.C.[Tomcat].[localhost].[/] - Initializing Spring DispatcherServlet 'dispatcherServlet'
2023-10-11 11:56:21 [http-nio-8080-exec-1] INFO  o.s.web.servlet.DispatcherServlet - Initializing Servlet 'dispatcherServlet'
2023-10-11 11:56:21 [http-nio-8080-exec-1] INFO  o.s.web.servlet.DispatcherServlet - Completed initialization in 1 ms
2023-10-11 11:56:21 [http-nio-8080-exec-1] INFO  c.e.e.controller.EmployeeController - Received request to get all employees.
2023-10-11 11:56:21 [http-nio-8080-exec-1] INFO  c.e.e.service.EmployeeServiceImpl - Getting all employees.
2023-10-11 11:56:34 [http-nio-8080-exec-7] INFO  c.e.e.controller.EmployeeController - Received request to create a new employee: John Doe
2023-10-11 11:56:34 [http-nio-8080-exec-7] INFO  c.e.e.service.EmployeeServiceImpl - Creating a new employee: John Doe
2023-10-11 11:56:34 [http-nio-8080-exec-7] INFO  c.e.e.service.EmployeeServiceImpl - New employee created with ID: 1
2023-10-11 11:56:34 [http-nio-8080-exec-7] INFO  c.e.e.controller.EmployeeController - New employee created with ID: 1
2023-10-11 11:57:37 [http-nio-8080-exec-7] INFO  c.e.e.controller.EmployeeController - Received request to create a new employee: Karan
2023-10-11 11:57:37 [http-nio-8080-exec-7] INFO  c.e.e.service.EmployeeServiceImpl - Creating a new employee: Karan
2023-10-11 11:57:37 [http-nio-8080-exec-7] INFO  c.e.e.service.EmployeeServiceImpl - New employee created with ID: 2
2023-10-11 11:57:37 [http-nio-8080-exec-7] INFO  c.e.e.controller.EmployeeController - New employee created with ID: 2
2023-10-11 11:58:09 [http-nio-8080-exec-10] INFO  c.e.e.controller.EmployeeController - Received request to get all employees.
2023-10-11 11:58:09 [http-nio-8080-exec-10] INFO  c.e.e.service.EmployeeServiceImpl - Getting all employees.
2023-10-11 11:58:19 [http-nio-8080-exec-5] INFO  c.e.e.controller.EmployeeController - Received request to filter employees with age greater than 10 and title Manager.
2023-10-11 11:58:19 [http-nio-8080-exec-5] INFO  c.e.e.service.EmployeeServiceImpl - Getting filtered employees with age greater than 10 and title Manager.
2023-10-11 11:58:26 [http-nio-8080-exec-2] WARN  o.s.w.s.m.s.DefaultHandlerExceptionResolver - Resolved [org.springframework.web.bind.MissingServletRequestParameterException: Required request parameter 'title' for method parameter type String is not present]
2023-10-11 11:58:38 [http-nio-8080-exec-7] WARN  o.s.w.s.m.s.DefaultHandlerExceptionResolver - Resolved [org.springframework.web.bind.MissingServletRequestParameterException: Required request parameter 'age' for method parameter type int is not present]
2023-10-11 11:58:47 [http-nio-8080-exec-4] ERROR c.e.e.controller.EmployeeController - Invalid request parameters: age=-9 and title=Manager
2023-10-11 11:59:05 [http-nio-8080-exec-10] ERROR c.e.e.controller.EmployeeController - Invalid request parameters: age=25 and title=
2023-10-11 11:59:11 [http-nio-8080-exec-2] INFO  c.e.e.controller.EmployeeController - Received request to filter employees with age greater than 25 and title Manager.
2023-10-11 11:59:11 [http-nio-8080-exec-2] INFO  c.e.e.service.EmployeeServiceImpl - Getting filtered employees with age greater than 25 and title Manager.
2023-10-11 11:59:27 [http-nio-8080-exec-1] INFO  c.e.e.controller.EmployeeController - Received request to filter employees with age greater than 25 and title Analyst.
2023-10-11 11:59:27 [http-nio-8080-exec-1] INFO  c.e.e.service.EmployeeServiceImpl - Getting filtered employees with age greater than 25 and title Analyst.
2023-10-11 11:59:34 [http-nio-8080-exec-7] INFO  c.e.e.controller.EmployeeController - Received request to filter employees with age greater than 5 and title Analyst.
2023-10-11 11:59:34 [http-nio-8080-exec-7] INFO  c.e.e.service.EmployeeServiceImpl - Getting filtered employees with age greater than 5 and title Analyst.
2023-10-11 11:59:41 [http-nio-8080-exec-8] INFO  c.e.e.controller.EmployeeController - Received request to filter employees with age greater than 5 and title sde.
2023-10-11 11:59:41 [http-nio-8080-exec-8] INFO  c.e.e.service.EmployeeServiceImpl - Getting filtered employees with age greater than 5 and title sde.
2023-10-11 12:03:05 [SpringApplicationShutdownHook] INFO  o.s.o.j.LocalContainerEntityManagerFactoryBean - Closing JPA EntityManagerFactory for persistence unit 'default'
2023-10-11 12:03:06 [SpringApplicationShutdownHook] WARN  o.s.b.f.s.DisposableBeanAdapter - Invocation of destroy method failed on bean with name 'inMemoryDatabaseShutdownExecutor': org.h2.jdbc.JdbcSQLNonTransientConnectionException: Database is already closed (to disable automatic closing at VM shutdown, add ";DB_CLOSE_ON_EXIT=FALSE" to the db URL) [90121-214]
2023-10-11 12:03:06 [SpringApplicationShutdownHook] INFO  com.zaxxer.hikari.HikariDataSource - HikariPool-1 - Shutdown initiated...
2023-10-11 12:03:06 [SpringApplicationShutdownHook] INFO  com.zaxxer.hikari.HikariDataSource - HikariPool-1 - Shutdown completed.
